0 info it worked if it ends with ok
1 verbose cli [ '/usr/local/bin/node', '/usr/local/bin/npm', 'publish' ]
2 info using npm@4.0.5
3 info using node@v7.4.0
4 verbose publish [ '.' ]
5 silly cache add args [ '.', null ]
6 verbose cache add spec .
7 silly cache add parsed spec Result {
7 silly cache add   raw: '.',
7 silly cache add   scope: null,
7 silly cache add   escapedName: null,
7 silly cache add   name: null,
7 silly cache add   rawSpec: '.',
7 silly cache add   spec: '/Users/night/code/netpi/github/vue-bulma-pagination',
7 silly cache add   type: 'directory' }
8 verbose addLocalDirectory /Users/night/.npm/vue-bulma-pagination/1.0.0-beta.4/package.tgz not in flight; packing
9 verbose correctMkdir /Users/night/.npm correctMkdir not in flight; initializing
10 info lifecycle vue-bulma-pagination@1.0.0-beta.4~prepublish: vue-bulma-pagination@1.0.0-beta.4
11 silly lifecycle vue-bulma-pagination@1.0.0-beta.4~prepublish: no script for prepublish, continuing
12 info lifecycle vue-bulma-pagination@1.0.0-beta.4~prepare: vue-bulma-pagination@1.0.0-beta.4
13 silly lifecycle vue-bulma-pagination@1.0.0-beta.4~prepare: no script for prepare, continuing
14 verbose tar pack [ '/Users/night/.npm/vue-bulma-pagination/1.0.0-beta.4/package.tgz',
14 verbose tar pack   '/Users/night/code/netpi/github/vue-bulma-pagination' ]
15 verbose tarball /Users/night/.npm/vue-bulma-pagination/1.0.0-beta.4/package.tgz
16 verbose folder /Users/night/code/netpi/github/vue-bulma-pagination
17 verbose addLocalTarball adding from inside cache /Users/night/.npm/vue-bulma-pagination/1.0.0-beta.4/package.tgz
18 verbose correctMkdir /Users/night/.npm correctMkdir not in flight; initializing
19 silly cache afterAdd vue-bulma-pagination@1.0.0-beta.4
20 verbose afterAdd /Users/night/.npm/vue-bulma-pagination/1.0.0-beta.4/package/package.json not in flight; writing
21 verbose correctMkdir /Users/night/.npm correctMkdir not in flight; initializing
22 verbose afterAdd /Users/night/.npm/vue-bulma-pagination/1.0.0-beta.4/package/package.json written
23 silly publish { name: 'vue-bulma-pagination',
23 silly publish   version: '1.0.0-beta.4',
23 silly publish   description: 'Pagination component for Vue Bulma',
23 silly publish   main: 'src/index.js',
23 silly publish   peerDependencies: { bulma: '>=0.2', vue: '>=2', 'vue-router': '>=2' },
23 silly publish   repository:
23 silly publish    { type: 'git',
23 silly publish      url: 'git+https://github.com/netpi/vue-bulma-pagination.git' },
23 silly publish   keywords:
23 silly publish    [ 'vue',
23 silly publish      'bulma',
23 silly publish      'vue-bulma',
23 silly publish      'vue-bulma-pagination',
23 silly publish      'pagination' ],
23 silly publish   author: { name: 'netpi' },
23 silly publish   license: 'MIT',
23 silly publish   dependencies: { 'vue-bulma-pagination': '^1.0.0-beta.3' },
23 silly publish   readme: '# Pagination\n\nPagination component for Vue Bulma.\n\n## Installation\n\n```sh\n$ npm install vue-bulma-pagination --save\nor\n$ yarn add vue-bulma-pagination --save\n```\n\n## Examples\n\n```vue\n<template>\n  <div>\n    <pagination urlPrefix=\'/\' currentPage=2 pageLength=100 /> \n  </div>\n</template>\n\n<script>\nimport Pagination from \'vue-bulma-pagination\'\n\nexport default {\n  components: {\n    Pagination\n  }\n}\n</script>\n```\n\n\n## Badges\n\n![](https://img.shields.io/badge/license-MIT-blue.svg)\n![](https://img.shields.io/badge/status-dev-yellow.svg)\n\n---\n',
23 silly publish   readmeFilename: 'README.md',
23 silly publish   gitHead: '5efb40f0d36eb3f13a6961ad2a33331c2a0dbe47',
23 silly publish   bugs: { url: 'https://github.com/netpi/vue-bulma-pagination/issues' },
23 silly publish   homepage: 'https://github.com/netpi/vue-bulma-pagination#readme',
23 silly publish   _id: 'vue-bulma-pagination@1.0.0-beta.4',
23 silly publish   scripts: {},
23 silly publish   _shasum: '2435f00d540de3681780be060ca3bc26f2f5d8c7',
23 silly publish   _from: '.' }
24 info lifecycle vue-bulma-pagination@1.0.0-beta.4~prepublishOnly: vue-bulma-pagination@1.0.0-beta.4
25 silly lifecycle vue-bulma-pagination@1.0.0-beta.4~prepublishOnly: no script for prepublishOnly, continuing
26 verbose getPublishConfig undefined
27 silly mapToRegistry name vue-bulma-pagination
28 silly mapToRegistry using default registry
29 silly mapToRegistry registry https://registry.npmjs.org/
30 silly mapToRegistry data Result {
30 silly mapToRegistry   raw: 'vue-bulma-pagination',
30 silly mapToRegistry   scope: null,
30 silly mapToRegistry   escapedName: 'vue-bulma-pagination',
30 silly mapToRegistry   name: 'vue-bulma-pagination',
30 silly mapToRegistry   rawSpec: '',
30 silly mapToRegistry   spec: 'latest',
30 silly mapToRegistry   type: 'tag' }
31 silly mapToRegistry uri https://registry.npmjs.org/vue-bulma-pagination
32 verbose publish registryBase https://registry.npmjs.org/
33 silly publish uploading /Users/night/.npm/vue-bulma-pagination/1.0.0-beta.4/package.tgz
34 verbose request uri https://registry.npmjs.org/vue-bulma-pagination
35 verbose request sending authorization for write operation
36 info attempt registry request try #1 at 12:10:52 AM
37 verbose request using bearer token for auth
38 verbose request id a841338578ac8092
39 http request PUT https://registry.npmjs.org/vue-bulma-pagination
40 http 403 https://registry.npmjs.org/vue-bulma-pagination
41 verbose headers { 'content-type': 'application/json',
41 verbose headers   'cache-control': 'max-age=300',
41 verbose headers   'content-length': '102',
41 verbose headers   'accept-ranges': 'bytes',
41 verbose headers   date: 'Fri, 03 Mar 2017 16:10:55 GMT',
41 verbose headers   via: '1.1 varnish',
41 verbose headers   connection: 'keep-alive',
41 verbose headers   'x-served-by': 'cache-nrt6120-NRT',
41 verbose headers   'x-cache': 'MISS',
41 verbose headers   'x-cache-hits': '0',
41 verbose headers   'x-timer': 'S1488557455.069814,VS0,VE575',
41 verbose headers   vary: 'Accept-Encoding' }
42 verbose request invalidating /Users/night/.npm/registry.npmjs.org/vue-bulma-pagination on PUT
43 error publish Failed PUT 403
44 verbose stack Error: "You cannot publish over the previously published version 1.0.0-beta.4." : vue-bulma-pagination
44 verbose stack     at makeError (/usr/local/lib/node_modules/npm/node_modules/npm-registry-client/lib/request.js:302:12)
44 verbose stack     at CachingRegistryClient.<anonymous> (/usr/local/lib/node_modules/npm/node_modules/npm-registry-client/lib/request.js:290:14)
44 verbose stack     at Request._callback (/usr/local/lib/node_modules/npm/node_modules/npm-registry-client/lib/request.js:210:14)
44 verbose stack     at Request.self.callback (/usr/local/lib/node_modules/npm/node_modules/request/request.js:186:22)
44 verbose stack     at emitTwo (events.js:106:13)
44 verbose stack     at Request.emit (events.js:191:7)
44 verbose stack     at Request.<anonymous> (/usr/local/lib/node_modules/npm/node_modules/request/request.js:1081:10)
44 verbose stack     at emitOne (events.js:96:13)
44 verbose stack     at Request.emit (events.js:188:7)
44 verbose stack     at IncomingMessage.<anonymous> (/usr/local/lib/node_modules/npm/node_modules/request/request.js:1001:12)
45 verbose statusCode 403
46 verbose pkgid vue-bulma-pagination
47 verbose cwd /Users/night/code/netpi/github/vue-bulma-pagination
48 error Darwin 16.4.0
49 error argv "/usr/local/bin/node" "/usr/local/bin/npm" "publish"
50 error node v7.4.0
51 error npm  v4.0.5
52 error code E403
53 error "You cannot publish over the previously published version 1.0.0-beta.4." : vue-bulma-pagination
54 error If you need help, you may report this error at:
54 error     <https://github.com/npm/npm/issues>
55 verbose exit [ 1, true ]
